TN:
SF:src/middleware/auth.ts
FN:15,(anonymous_1)
FN:35,(anonymous_2)
FN:44,(anonymous_3)
FNF:3
FNH:3
FNDA:14,(anonymous_1)
FNDA:2,(anonymous_2)
FNDA:2,(anonymous_3)
DA:2,5
DA:3,5
DA:4,5
DA:15,5
DA:17,14
DA:18,14
DA:19,2
DA:21,12
DA:22,12
DA:23,12
DA:24,12
DA:26,0
DA:35,5
DA:36,2
DA:37,2
DA:39,2
DA:40,0
DA:41,0
DA:43,2
DA:44,2
DA:45,2
DA:46,2
DA:48,2
DA:53,5
LF:24
LH:21
BRDA:18,0,0,2
BRDA:36,1,0,2
BRDA:36,1,1,0
BRDA:39,2,0,0
BRDA:39,2,1,2
BRF:5
BRH:3
end_of_record
TN:
SF:src/models/hotel.ts
FNF:0
FNH:0
DA:1,3
DA:4,3
DA:17,3
DA:34,3
DA:36,3
LF:5
LH:5
BRF:0
BRH:0
end_of_record
TN:
SF:src/models/user.ts
FN:19,(anonymous_1)
FNF:1
FNH:1
FNDA:11,(anonymous_1)
DA:1,5
DA:3,5
DA:7,5
DA:19,5
DA:20,11
DA:21,11
DA:23,11
DA:26,5
DA:31,5
LF:9
LH:9
BRDA:20,0,0,11
BRF:1
BRH:1
end_of_record
TN:
SF:src/routes/auth.ts
FN:18,(anonymous_1)
FN:122,(anonymous_2)
FN:126,(anonymous_3)
FNF:3
FNH:3
FNDA:2,(anonymous_1)
FNDA:1,(anonymous_2)
FNDA:1,(anonymous_3)
DA:1,1
DA:2,1
DA:3,1
DA:4,1
DA:5,1
DA:6,1
DA:8,1
DA:10,1
DA:11,1
DA:12,1
DA:13,1
DA:15,1
DA:19,2
DA:20,2
DA:21,0
DA:24,2
DA:25,2
DA:27,0
DA:32,0
DA:33,0
DA:35,0
DA:36,0
DA:39,0
DA:41,0
DA:42,0
DA:45,0
DA:47,0
DA:53,0
DA:56,2
DA:57,2
DA:59,2
DA:60,0
DA:63,2
DA:65,2
DA:66,1
DA:69,1
DA:71,1
DA:77,1
DA:80,0
DA:81,0
DA:122,1
DA:123,1
DA:126,1
DA:127,1
DA:130,1
DA:134,1
LF:46
LH:31
BRDA:20,0,0,0
BRDA:20,1,0,2
BRDA:20,1,1,0
BRDA:25,2,0,0
BRDA:25,2,1,2
BRDA:33,3,0,0
BRDA:33,3,1,0
BRDA:33,4,0,0
BRDA:33,4,1,0
BRDA:35,5,0,0
BRDA:41,6,0,0
BRDA:59,7,0,0
BRDA:65,8,0,1
BRF:13
BRH:3
end_of_record
TN:
SF:src/routes/hotels.ts
FN:12,(anonymous_7)
FN:22,(anonymous_8)
FN:68,(anonymous_9)
FN:101,(anonymous_10)
FN:114,(anonymous_11)
FN:135,(anonymous_12)
FN:174,(anonymous_13)
FN:261,(anonymous_14)
FN:302,(anonymous_15)
FNF:9
FNH:8
FNDA:1,(anonymous_7)
FNDA:1,(anonymous_8)
FNDA:1,(anonymous_9)
FNDA:1,(anonymous_10)
FNDA:1,(anonymous_11)
FNDA:1,(anonymous_12)
FNDA:1,(anonymous_13)
FNDA:1,(anonymous_14)
FNDA:0,(anonymous_15)
DA:1,1
DA:2,1
DA:4,1
DA:5,1
DA:6,1
DA:7,1
DA:8,1
DA:10,1
DA:12,1
DA:13,1
DA:14,1
DA:15,1
DA:17,0
DA:18,0
DA:22,1
DA:23,1
DA:24,1
DA:26,1
DA:27,1
DA:29,0
DA:30,0
DA:32,0
DA:33,0
DA:35,0
DA:36,0
DA:39,1
DA:40,1
DA:43,1
DA:45,1
DA:50,1
DA:52,1
DA:61,1
DA:63,0
DA:64,0
DA:68,1
DA:69,1
DA:70,1
DA:72,1
DA:73,1
DA:81,1
DA:83,0
DA:85,0
DA:101,1
DA:102,1
DA:103,1
DA:104,1
DA:106,0
DA:107,0
DA:111,1
DA:115,1
DA:116,1
DA:117,0
DA:120,1
DA:122,1
DA:123,1
DA:124,1
DA:126,0
DA:127,0
DA:132,1
DA:136,1
DA:137,1
DA:138,1
DA:140,1
DA:141,1
DA:142,0
DA:145,1
DA:147,1
DA:157,1
DA:158,0
DA:161,1
DA:167,1
DA:171,1
DA:175,1
DA:176,1
DA:178,1
DA:179,0
DA:182,1
DA:187,1
DA:195,1
DA:196,0
DA:199,1
DA:200,1
DA:202,0
DA:203,0
DA:261,1
DA:262,1
DA:264,1
DA:265,1
DA:272,1
DA:273,1
DA:278,1
DA:279,1
DA:284,1
DA:285,0
DA:292,1
DA:293,0
DA:300,1
DA:301,0
DA:302,0
DA:305,0
DA:308,1
DA:309,0
DA:314,1
DA:317,1
LF:104
LH:75
BRDA:27,0,0,0
BRDA:27,0,1,0
BRDA:27,0,2,0
BRDA:41,1,0,1
BRDA:41,1,1,0
BRDA:116,2,0,0
BRDA:141,3,0,0
BRDA:157,4,0,0
BRDA:178,5,0,0
BRDA:195,6,0,0
BRDA:264,7,0,1
BRDA:272,8,0,1
BRDA:278,9,0,1
BRDA:284,10,0,0
BRDA:286,11,0,0
BRDA:286,11,1,0
BRDA:292,12,0,0
BRDA:294,13,0,0
BRDA:294,13,1,0
BRDA:300,14,0,0
BRDA:301,15,0,0
BRDA:301,15,1,0
BRDA:308,16,0,0
BRF:23
BRH:4
end_of_record
TN:
SF:src/routes/my-bookings.ts
FN:9,(anonymous_1)
FN:15,(anonymous_2)
FN:17,(anonymous_3)
FNF:3
FNH:3
FNDA:4,(anonymous_1)
FNDA:6,(anonymous_2)
FNDA:7,(anonymous_3)
DA:1,1
DA:2,1
DA:3,1
DA:6,1
DA:9,1
DA:10,4
DA:11,4
DA:15,4
DA:16,6
DA:17,7
DA:20,6
DA:25,6
DA:28,4
DA:30,0
DA:31,0
DA:35,1
LF:16
LH:14
BRF:0
BRH:0
end_of_record
TN:
SF:src/routes/my-hotels.ts
FN:39,(anonymous_1)
FN:65,(anonymous_2)
FN:74,(anonymous_3)
FN:91,(anonymous_4)
FN:126,uploadImages
FN:127,(anonymous_6)
FNF:6
FNH:4
FNDA:1,(anonymous_1)
FNDA:1,(anonymous_2)
FNDA:2,(anonymous_3)
FNDA:0,(anonymous_4)
FNDA:1,uploadImages
FNDA:0,(anonymous_6)
DA:1,1
DA:2,1
DA:3,1
DA:4,1
DA:6,1
DA:7,1
DA:9,1
DA:11,1
DA:13,1
DA:20,1
DA:40,1
DA:41,1
DA:42,1
DA:45,1
DA:47,0
DA:48,0
DA:49,0
DA:53,0
DA:54,0
DA:57,0
DA:59,1
DA:60,1
DA:65,1
DA:66,1
DA:67,1
DA:68,1
DA:70,0
DA:74,1
DA:75,2
DA:76,2
DA:77,2
DA:81,2
DA:83,0
DA:87,1
DA:92,0
DA:93,0
DA:94,0
DA:96,0
DA:105,0
DA:106,0
DA:109,0
DA:110,0
DA:112,0
DA:117,0
DA:118,0
DA:120,0
DA:127,1
DA:128,0
DA:129,0
DA:130,0
DA:131,0
DA:134,0
DA:135,0
DA:138,1
LF:54
LH:28
BRDA:105,0,0,0
BRDA:114,1,0,0
BRDA:114,1,1,0
BRF:3
BRH:0
end_of_record
TN:
SF:src/routes/user.ts
FN:13,(anonymous_1)
FN:31,(anonymous_2)
FN:57,(anonymous_3)
FN:96,(anonymous_4)
FN:139,(anonymous_5)
FNF:5
FNH:5
FNDA:1,(anonymous_1)
FNDA:4,(anonymous_2)
FNDA:4,(anonymous_3)
FNDA:4,(anonymous_4)
FNDA:4,(anonymous_5)
DA:1,1
DA:2,1
DA:3,1
DA:4,1
DA:5,1
DA:6,1
DA:8,1
DA:9,1
DA:10,1
DA:11,1
DA:13,1
DA:14,1
DA:16,1
DA:17,1
DA:18,1
DA:19,0
DA:21,1
DA:23,0
DA:24,0
DA:29,1
DA:32,4
DA:34,4
DA:35,1
DA:38,4
DA:39,0
DA:42,4
DA:43,0
DA:46,4
DA:47,0
DA:50,4
DA:51,1
DA:54,3
DA:58,4
DA:60,4
DA:61,0
DA:64,4
DA:65,0
DA:68,4
DA:69,0
DA:72,4
DA:73,0
DA:76,4
DA:77,0
DA:80,4
DA:97,4
DA:99,4
DA:100,0
DA:103,4
DA:104,0
DA:108,4
DA:109,0
DA:112,4
DA:113,1
DA:116,4
DA:117,1
DA:120,4
DA:121,1
DA:124,4
DA:125,0
DA:128,4
DA:129,0
DA:132,4
DA:133,1
DA:136,3
DA:140,4
DA:142,4
DA:143,2
DA:146,2
DA:147,2
DA:149,0
DA:154,0
DA:155,0
DA:157,0
DA:158,0
DA:161,0
DA:163,0
DA:164,0
DA:168,0
DA:170,0
DA:176,0
DA:179,0
DA:183,0
DA:189,0
DA:195,2
DA:197,2
DA:198,1
DA:201,1
DA:202,1
DA:204,1
DA:208,1
DA:214,1
DA:217,0
DA:218,0
DA:222,1
LF:94
LH:62
BRDA:18,0,0,0
BRDA:34,1,0,1
BRDA:38,2,0,0
BRDA:42,3,0,0
BRDA:46,4,0,0
BRDA:50,5,0,1
BRDA:60,6,0,0
BRDA:64,7,0,0
BRDA:68,8,0,0
BRDA:72,9,0,0
BRDA:76,10,0,0
BRDA:99,11,0,0
BRDA:103,12,0,0
BRDA:108,13,0,0
BRDA:112,14,0,1
BRDA:116,15,0,1
BRDA:120,16,0,1
BRDA:124,17,0,0
BRDA:128,18,0,0
BRDA:132,19,0,1
BRDA:142,20,0,2
BRDA:142,21,0,4
BRDA:142,21,1,2
BRDA:147,22,0,0
BRDA:147,22,1,2
BRDA:155,23,0,0
BRDA:155,23,1,0
BRDA:155,24,0,0
BRDA:155,24,1,0
BRDA:157,25,0,0
BRDA:163,26,0,0
BRDA:172,27,0,0
BRDA:172,27,1,0
BRDA:172,28,0,0
BRDA:172,28,1,0
BRDA:172,29,0,0
BRDA:172,29,1,0
BRDA:173,30,0,0
BRDA:173,30,1,0
BRDA:173,31,0,0
BRDA:173,31,1,0
BRDA:173,32,0,0
BRDA:173,32,1,0
BRDA:197,33,0,1
BRF:44
BRH:11
end_of_record
